<?xml version="1.0" encoding="UTF-8"?>
<!-- Generated by org.testng.reporters.JUnitReportReporter -->
<testsuite skipped="0" hostname="DESKTOP-NHL93KS" name="com.ibm.seleniumproject.LMS_Activities" tests="9" failures="0" timestamp="2020-08-26T13:34:00 IST" time="101.983" errors="0">
  <testcase name="verifyTitle" time="10.824" classname="com.ibm.seleniumproject.LMS_Activities"/>
  <system-out>
Title: Alchemy LMS – An LMS Application Tiltle 'Alchemy LMS – An LMS Application' matched with expected title  </system-out>
  <testcase name="verifyHeading" time="9.829" classname="com.ibm.seleniumproject.LMS_Activities"/>
  <system-out>
Heading: Learn from Industry Experts Heading 'Learn from Industry Experts' matched with expected heading  </system-out>
  <testcase name="verifyFirstInforboxTiltle" time="8.913" classname="com.ibm.seleniumproject.LMS_Activities"/>
  <system-out>
First Info box title: Actionable Training First Info box title 'Actionable Training' matched with expected First Info box title  </system-out>
  <testcase name="verifySecondPopularCourseTiltle" time="10.507" classname="com.ibm.seleniumproject.LMS_Activities"/>
  <system-out>
Second Popular Course Title: Interesting Quizzes Second Popular Course Title 'Interesting Quizzes' matched with expected Second Popular Course Title  </system-out>
  <testcase name="verifyMyAccountPage" time="10.172" classname="com.ibm.seleniumproject.LMS_Activities"/>
  <system-out>
My Account clicked My account page title: My Account – Alchemy LMS My account page title 'My Account – Alchemy LMS' matched with expected My account page title  </system-out>
  <testcase name="Login" time="12.577" classname="com.ibm.seleniumproject.LMS_Activities"/>
  <system-out>
My Account clicked Login button clicked 'root' entered in login text box 'pa$$w0rd' entered in password text box Login button clicked clicked Username: Howdy, root User logged in  </system-out>
  <testcase name="allCoursesCount" time="13.880" classname="com.ibm.seleniumproject.LMS_Activities"/>
  <system-out>
Courses Count: 3  </system-out>
  <testcase name="contactUs" time="12.856" classname="com.ibm.seleniumproject.LMS_Activities"/>
  <system-out>
Contact clicked Test entered in Full Name text box test@yopmail.com entered in Email text box Test entered in Subject text box test entered in Comment or Message text area Send Message button clicked Message: Thanks for contacting us! We will be in touch with you shortly. Message 'Thanks for contacting us! We will be in touch with you shortly.' matched with expected Message  </system-out>
  <testcase name="courseTitle" time="12.425" classname="com.ibm.seleniumproject.LMS_Activities"/>
  <system-out>
All Courses clicked First Course clicked Clicked on Expand for first lession Lession: This is the First Topic Lession 'This is the First Topic' matched with expected Lession  </system-out>
</testsuite> <!-- com.ibm.seleniumproject.LMS_Activities -->
